nohup: ignoring input
 * Serving Flask app 'app'
 * Debug mode: on
[31m[1mWARNING: This is a development server. Do not use it in a production deployment. Use a production WSGI server instead.[0m
 * Running on all addresses (0.0.0.0)
 * Running on http://127.0.0.1:1111
 * Running on http://10.10.0.212:1111
[33mPress CTRL+C to quit[0m
 * Restarting with stat
 * Debugger is active!
 * Debugger PIN: 140-171-490
192.168.254.79 - - [26/May/2024 06:24:01] "POST /image_upload HTTP/1.1" 200 -
192.168.254.16 - - [26/May/2024 06:24:49] "OPTIONS /image_upload HTTP/1.1" 200 -
192.168.254.16 - - [26/May/2024 06:24:49] "POST /image_upload HTTP/1.1" 200 -
192.168.254.16 - - [26/May/2024 06:28:45] "OPTIONS /image_upload HTTP/1.1" 200 -
192.168.254.16 - - [26/May/2024 06:28:46] "POST /image_upload HTTP/1.1" 200 -
192.168.254.79 - - [26/May/2024 06:31:25] "POST /image_upload HTTP/1.1" 200 -
192.168.254.79 - - [26/May/2024 06:31:36] "POST /image_upload HTTP/1.1" 200 -
192.168.254.79 - - [26/May/2024 06:31:55] "POST /image_upload HTTP/1.1" 200 -
 * Detected change in '/home2/asgtestdrive2023/Project/AI-Team/assetiq-church/outputs/image_cache/app.py', reloading
its a new image, getting tags and summary from open ai started
No file uploaded
No file uploaded
files already existed
fetched json file from cache folder successfully
files already existed
fetched json file from cache folder successfully
its a new image, getting tags and summary from open ai started
 * Restarting with stat
Traceback (most recent call last):
  File "/home2/asgtestdrive2023/Project/AI-Team/assetiq-church/outputs/image_cache/app.py", line 5, in <module>
    import base
ModuleNotFoundError: No module named 'base'
nohup: ignoring input
 * Serving Flask app 'app'
 * Debug mode: on
[31m[1mWARNING: This is a development server. Do not use it in a production deployment. Use a production WSGI server instead.[0m
 * Running on all addresses (0.0.0.0)
 * Running on http://127.0.0.1:1111
 * Running on http://10.10.0.212:1111
[33mPress CTRL+C to quit[0m
 * Restarting with stat
 * Debugger is active!
 * Debugger PIN: 140-171-490
nohup: ignoring input
 * Serving Flask app 'app'
 * Debug mode: on
[31m[1mWARNING: This is a development server. Do not use it in a production deployment. Use a production WSGI server instead.[0m
 * Running on all addresses (0.0.0.0)
 * Running on http://127.0.0.1:1111
 * Running on http://10.10.0.212:1111
[33mPress CTRL+C to quit[0m
 * Restarting with stat
 * Debugger is active!
 * Debugger PIN: 140-171-490
 * Detected change in '/home2/asgtestdrive2023/Project/AI-Team/assetiq-church/outputs/image_cache/app.py', reloading
 * Restarting with stat
 * Debugger is active!
 * Debugger PIN: 140-171-490
 * Detected change in '/home2/asgtestdrive2023/Project/AI-Team/assetiq-church/outputs/image_cache/.ipynb_checkpoints/app-checkpoint.py', reloading
 * Restarting with stat
 * Debugger is active!
 * Debugger PIN: 140-171-490
 * Detected change in '/home2/asgtestdrive2023/Project/AI-Team/assetiq-church/outputs/image_cache/app.py', reloading
 * Restarting with stat
 * Debugger is active!
 * Debugger PIN: 140-171-490
 * Detected change in '/home2/asgtestdrive2023/Project/AI-Team/assetiq-church/outputs/image_cache/.ipynb_checkpoints/app-checkpoint.py', reloading
 * Restarting with stat
 * Debugger is active!
 * Debugger PIN: 140-171-490
 * Detected change in '/home2/asgtestdrive2023/Project/AI-Team/assetiq-church/outputs/image_cache/app.py', reloading
 * Restarting with stat
 * Debugger is active!
 * Debugger PIN: 140-171-490
 * Detected change in '/home2/asgtestdrive2023/Project/AI-Team/assetiq-church/outputs/image_cache/.ipynb_checkpoints/app-checkpoint.py', reloading
 * Restarting with stat
 * Debugger is active!
 * Debugger PIN: 140-171-490
 * Detected change in '/home2/asgtestdrive2023/Project/AI-Team/assetiq-church/outputs/image_cache/app.py', reloading
 * Restarting with stat
 * Debugger is active!
 * Debugger PIN: 140-171-490
 * Detected change in '/home2/asgtestdrive2023/Project/AI-Team/assetiq-church/outputs/image_cache/app.py', reloading
 * Restarting with stat
 * Debugger is active!
 * Debugger PIN: 140-171-490
 * Detected change in '/home2/asgtestdrive2023/Project/AI-Team/assetiq-church/outputs/image_cache/app.py', reloading
 * Restarting with stat
 * Debugger is active!
 * Debugger PIN: 140-171-490
 * Detected change in '/home2/asgtestdrive2023/Project/AI-Team/assetiq-church/outputs/image_cache/.ipynb_checkpoints/app-checkpoint.py', reloading
 * Restarting with stat
 * Debugger is active!
 * Debugger PIN: 140-171-490
 * Detected change in '/home2/asgtestdrive2023/Project/AI-Team/assetiq-church/outputs/image_cache/constants.py', reloading
 * Restarting with stat
 * Debugger is active!
 * Debugger PIN: 140-171-490
 * Detected change in '/home2/asgtestdrive2023/Project/AI-Team/assetiq-church/outputs/image_cache/.ipynb_checkpoints/constants-checkpoint.py', reloading
 * Restarting with stat
 * Debugger is active!
 * Debugger PIN: 140-171-490
 * Detected change in '/home2/asgtestdrive2023/Project/AI-Team/assetiq-church/outputs/image_cache/utils.py', reloading
 * Restarting with stat
 * Debugger is active!
 * Debugger PIN: 140-171-490
 * Detected change in '/home2/asgtestdrive2023/Project/AI-Team/assetiq-church/outputs/image_cache/.ipynb_checkpoints/utils-checkpoint.py', reloading
 * Restarting with stat
 * Debugger is active!
 * Debugger PIN: 140-171-490
